<?xml version="1.0" encoding="UTF-8"?>
<testsuite name="com.brick.book.springboot.web.PostsApiControllerTest" tests="2" skipped="0" failures="0" errors="0" timestamp="2021-01-19T09:58:26" hostname="Jinhoui-MacBookPro.local" time="0.25">
  <properties/>
  <testcase name="Posts_등록된다()" classname="com.brick.book.springboot.web.PostsApiControllerTest" time="0.224"/>
  <testcase name="Posts_수정된다()" classname="com.brick.book.springboot.web.PostsApiControllerTest" time="0.025"/>
  <system-out><![CDATA[2021-01-19 18:58:26.704  INFO 17580 --- [    Test worker] .b.t.c.SpringBootTestContextBootstrapper : Neither @ContextConfiguration nor @ContextHierarchy found for test class [com.brick.book.springboot.web.PostsApiControllerTest], using SpringBootContextLoader
2021-01-19 18:58:26.705  INFO 17580 --- [    Test worker] o.s.t.c.support.AbstractContextLoader    : Could not detect default resource locations for test class [com.brick.book.springboot.web.PostsApiControllerTest]: no resource found for suffixes {-context.xml, Context.groovy}.
2021-01-19 18:58:26.705  INFO 17580 --- [    Test worker] t.c.s.AnnotationConfigContextLoaderUtils : Could not detect default configuration classes for test class [com.brick.book.springboot.web.PostsApiControllerTest]: PostsApiControllerTest does not declare any static, non-private, non-final, nested classes annotated with @Configuration.
2021-01-19 18:58:26.707  INFO 17580 --- [    Test worker] .b.t.c.SpringBootTestContextBootstrapper : Found @SpringBootConfiguration com.brick.book.springboot.Application for test class com.brick.book.springboot.web.PostsApiControllerTest
2021-01-19 18:58:26.709  INFO 17580 --- [    Test worker] .b.t.c.SpringBootTestContextBootstrapper : Loaded default TestExecutionListener class names from location [META-INF/spring.factories]: [org.springframework.security.test.context.support.WithSecurityContextTestExecutionListener, org.springframework.security.test.context.support.ReactorContextTestExecutionListener, org.springframework.boot.test.autoconfigure.restdocs.RestDocsTestExecutionListener, org.springframework.boot.test.autoconfigure.web.client.MockRestServiceServerResetTestExecutionListener, org.springframework.boot.test.autoconfigure.web.servlet.MockMvcPrintOnlyOnFailureTestExecutionListener, org.springframework.boot.test.autoconfigure.web.servlet.WebDriverTestExecutionListener, org.springframework.boot.test.autoconfigure.webservices.client.MockWebServiceServerTestExecutionListener, org.springframework.boot.test.mock.mockito.MockitoTestExecutionListener, org.springframework.boot.test.mock.mockito.ResetMocksTestExecutionListener, org.springframework.test.context.web.ServletTestExecutionListener, org.springframework.test.context.support.DirtiesContextBeforeModesTestExecutionListener, org.springframework.test.context.support.DependencyInjectionTestExecutionListener, org.springframework.test.context.support.DirtiesContextTestExecutionListener, org.springframework.test.context.transaction.TransactionalTestExecutionListener, org.springframework.test.context.jdbc.SqlScriptsTestExecutionListener, org.springframework.test.context.event.EventPublishingTestExecutionListener]
2021-01-19 18:58:26.710  INFO 17580 --- [    Test worker] .b.t.c.SpringBootTestContextBootstrapper : Using TestExecutionListeners: [org.springframework.test.context.web.ServletTestExecutionListener@1ebdd36b, org.springframework.test.context.support.DirtiesContextBeforeModesTestExecutionListener@7f780a9a, org.springframework.boot.test.mock.mockito.MockitoTestExecutionListener@148f31d5, org.springframework.boot.test.autoconfigure.SpringBootDependencyInjectionTestExecutionListener@1a3467c0, org.springframework.test.context.support.DirtiesContextTestExecutionListener@6ae2d966, org.springframework.test.context.transaction.TransactionalTestExecutionListener@5571227a, org.springframework.test.context.jdbc.SqlScriptsTestExecutionListener@389da098, org.springframework.security.test.context.support.WithSecurityContextTestExecutionListener@1aeca2c, org.springframework.test.context.event.EventPublishingTestExecutionListener@7dfb0a96, org.springframework.security.test.context.support.ReactorContextTestExecutionListener@21c595a1, org.springframework.boot.test.autoconfigure.restdocs.RestDocsTestExecutionListener@74896861, org.springframework.boot.test.autoconfigure.web.client.MockRestServiceServerResetTestExecutionListener@3012376, org.springframework.boot.test.autoconfigure.web.servlet.MockMvcPrintOnlyOnFailureTestExecutionListener@260b263a, org.springframework.boot.test.autoconfigure.web.servlet.WebDriverTestExecutionListener@2b6ed7c7, org.springframework.boot.test.autoconfigure.webservices.client.MockWebServiceServerTestExecutionListener@141b78ab, org.springframework.boot.test.mock.mockito.ResetMocksTestExecutionListener@1e8be3cd]
2021-01-19 18:58:26.735  INFO 17580 --- [    Test worker] o.a.c.c.C.[Tomcat].[localhost].[/]       : Initializing Spring TestDispatcherServlet ''
2021-01-19 18:58:26.736  INFO 17580 --- [    Test worker] o.s.t.web.servlet.TestDispatcherServlet  : Initializing Servlet ''
2021-01-19 18:58:26.737  INFO 17580 --- [    Test worker] o.s.t.web.servlet.TestDispatcherServlet  : Completed initialization in 1 ms
Hibernate: insert into posts (create_date, modify_date, author, content, title) values (?, ?, ?, ?, ?)
Hibernate: select posts0_.id as id1_0_, posts0_.create_date as create_d2_0_, posts0_.modify_date as modify_d3_0_, posts0_.author as author4_0_, posts0_.content as content5_0_, posts0_.title as title6_0_ from posts posts0_
Hibernate: select posts0_.id as id1_0_, posts0_.create_date as create_d2_0_, posts0_.modify_date as modify_d3_0_, posts0_.author as author4_0_, posts0_.content as content5_0_, posts0_.title as title6_0_ from posts posts0_
Hibernate: delete from posts where id=?
2021-01-19 18:58:26.941  INFO 17580 --- [    Test worker] o.a.c.c.C.[Tomcat].[localhost].[/]       : Initializing Spring TestDispatcherServlet ''
2021-01-19 18:58:26.942  INFO 17580 --- [    Test worker] o.s.t.web.servlet.TestDispatcherServlet  : Initializing Servlet ''
2021-01-19 18:58:26.942  INFO 17580 --- [    Test worker] o.s.t.web.servlet.TestDispatcherServlet  : Completed initialization in 0 ms
Hibernate: insert into posts (create_date, modify_date, author, content, title) values (?, ?, ?, ?, ?)
Hibernate: select posts0_.id as id1_0_0_, posts0_.create_date as create_d2_0_0_, posts0_.modify_date as modify_d3_0_0_, posts0_.author as author4_0_0_, posts0_.content as content5_0_0_, posts0_.title as title6_0_0_ from posts posts0_ where posts0_.id=?
Hibernate: update posts set create_date=?, modify_date=?, author=?, content=?, title=? where id=?
Hibernate: select posts0_.id as id1_0_, posts0_.create_date as create_d2_0_, posts0_.modify_date as modify_d3_0_, posts0_.author as author4_0_, posts0_.content as content5_0_, posts0_.title as title6_0_ from posts posts0_
Hibernate: select posts0_.id as id1_0_, posts0_.create_date as create_d2_0_, posts0_.modify_date as modify_d3_0_, posts0_.author as author4_0_, posts0_.content as content5_0_, posts0_.title as title6_0_ from posts posts0_
Hibernate: delete from posts where id=?
]]></system-out>
  <system-err><![CDATA[]]></system-err>
</testsuite>
