<?xml version="1.0" encoding="UTF-8"?>
<testsuite name="com.brick.book.springboot.web.HelloControllerTest" tests="2" skipped="0" failures="0" errors="0" timestamp="2021-01-19T00:38:30" hostname="Jinhoui-MacBookPro.local" time="0.12">
  <properties/>
  <testcase name="hello가_리턴된다" classname="com.brick.book.springboot.web.HelloControllerTest" time="0.057"/>
  <testcase name="helloDto가_리턴된다" classname="com.brick.book.springboot.web.HelloControllerTest" time="0.062"/>
  <system-out><![CDATA[2021-01-19 09:38:29.276  INFO 2717 --- [    Test worker] .b.t.a.w.s.WebMvcTestContextBootstrapper : Neither @ContextConfiguration nor @ContextHierarchy found for test class [com.brick.book.springboot.web.HelloControllerTest], using SpringBootContextLoader
2021-01-19 09:38:29.276  INFO 2717 --- [    Test worker] o.s.t.c.support.AbstractContextLoader    : Could not detect default resource locations for test class [com.brick.book.springboot.web.HelloControllerTest]: no resource found for suffixes {-context.xml, Context.groovy}.
2021-01-19 09:38:29.277  INFO 2717 --- [    Test worker] t.c.s.AnnotationConfigContextLoaderUtils : Could not detect default configuration classes for test class [com.brick.book.springboot.web.HelloControllerTest]: HelloControllerTest does not declare any static, non-private, non-final, nested classes annotated with @Configuration.
2021-01-19 09:38:29.298  INFO 2717 --- [    Test worker] .b.t.c.SpringBootTestContextBootstrapper : Found @SpringBootConfiguration com.brick.book.springboot.Application for test class com.brick.book.springboot.web.HelloControllerTest
2021-01-19 09:38:29.298  INFO 2717 --- [    Test worker] .b.t.a.w.s.WebMvcTestContextBootstrapper : Loaded default TestExecutionListener class names from location [META-INF/spring.factories]: [org.springframework.security.test.context.support.WithSecurityContextTestExecutionListener, org.springframework.security.test.context.support.ReactorContextTestExecutionListener, org.springframework.boot.test.autoconfigure.restdocs.RestDocsTestExecutionListener, org.springframework.boot.test.autoconfigure.web.client.MockRestServiceServerResetTestExecutionListener, org.springframework.boot.test.autoconfigure.web.servlet.MockMvcPrintOnlyOnFailureTestExecutionListener, org.springframework.boot.test.autoconfigure.web.servlet.WebDriverTestExecutionListener, org.springframework.boot.test.mock.mockito.MockitoTestExecutionListener, org.springframework.boot.test.mock.mockito.ResetMocksTestExecutionListener, org.springframework.test.context.web.ServletTestExecutionListener, org.springframework.test.context.support.DirtiesContextBeforeModesTestExecutionListener, org.springframework.test.context.support.DependencyInjectionTestExecutionListener, org.springframework.test.context.support.DirtiesContextTestExecutionListener, org.springframework.test.context.transaction.TransactionalTestExecutionListener, org.springframework.test.context.jdbc.SqlScriptsTestExecutionListener]
2021-01-19 09:38:29.299  INFO 2717 --- [    Test worker] .b.t.a.w.s.WebMvcTestContextBootstrapper : Using TestExecutionListeners: [org.springframework.test.context.web.ServletTestExecutionListener@7cab4dce, org.springframework.test.context.support.DirtiesContextBeforeModesTestExecutionListener@5ebd96e8, org.springframework.boot.test.mock.mockito.MockitoTestExecutionListener@3833f78a, org.springframework.boot.test.autoconfigure.SpringBootDependencyInjectionTestExecutionListener@7f29e1d1, org.springframework.test.context.support.DirtiesContextTestExecutionListener@594a16c7, org.springframework.test.context.transaction.TransactionalTestExecutionListener@6bf2d1d0, org.springframework.test.context.jdbc.SqlScriptsTestExecutionListener@4c5af483, org.springframework.security.test.context.support.WithSecurityContextTestExecutionListener@7c4db3b0, org.springframework.security.test.context.support.ReactorContextTestExecutionListener@75386ed0, org.springframework.boot.test.autoconfigure.restdocs.RestDocsTestExecutionListener@8b95df6, org.springframework.boot.test.autoconfigure.web.client.MockRestServiceServerResetTestExecutionListener@13dc4e8e, org.springframework.boot.test.autoconfigure.web.servlet.MockMvcPrintOnlyOnFailureTestExecutionListener@21dbf76, org.springframework.boot.test.autoconfigure.web.servlet.WebDriverTestExecutionListener@34650f0b, org.springframework.boot.test.mock.mockito.ResetMocksTestExecutionListener@76f1a29c]

  .   ____          _            __ _ _
 /\\ / ___'_ __ _ _(_)_ __  __ _ \ \ \ \
( ( )\___ | '_ | '_| | '_ \/ _` | \ \ \ \
 \\/  ___)| |_)| | | | | || (_| |  ) ) ) )
  '  |____| .__|_| |_|_| |_\__, | / / / /
 =========|_|==============|___/=/_/_/_/
 :: Spring Boot ::        (v2.1.7.RELEASE)

2021-01-19 09:38:29.327  INFO 2717 --- [    Test worker] c.b.b.s.web.HelloControllerTest          : Starting HelloControllerTest on Jinhoui-MacBookPro.local with PID 2717 (started by jinhohan in /Users/jinhohan/IdeaProjects/springboot2-webservice)
2021-01-19 09:38:29.327  INFO 2717 --- [    Test worker] c.b.b.s.web.HelloControllerTest          : The following profiles are active: oauth
2021-01-19 09:38:29.643  INFO 2717 --- [    Test worker] o.s.s.concurrent.ThreadPoolTaskExecutor  : Initializing ExecutorService 'applicationTaskExecutor'
2021-01-19 09:38:29.666  INFO 2717 --- [    Test worker] o.s.b.a.w.s.WelcomePageHandlerMapping    : Adding welcome page template: index
2021-01-19 09:38:29.842  INFO 2717 --- [    Test worker] .s.s.UserDetailsServiceAutoConfiguration : 

Using generated security password: a80f1547-51e8-44b5-a6e8-b410842df6d0

2021-01-19 09:38:29.959  INFO 2717 --- [    Test worker] o.s.s.web.DefaultSecurityFilterChain     : Creating filter chain: any request, [org.springframework.security.web.context.request.async.WebAsyncManagerIntegrationFilter@cb7c2df, org.springframework.security.web.context.SecurityContextPersistenceFilter@455d59ad, org.springframework.security.web.header.HeaderWriterFilter@137e810d, org.springframework.security.web.csrf.CsrfFilter@52eb6133, org.springframework.security.web.authentication.logout.LogoutFilter@6f5400b9, org.springframework.security.web.authentication.UsernamePasswordAuthenticationFilter@26f9cdfa, org.springframework.security.web.authentication.ui.DefaultLoginPageGeneratingFilter@2b94fc98, org.springframework.security.web.authentication.ui.DefaultLogoutPageGeneratingFilter@49ec1200, org.springframework.security.web.authentication.www.BasicAuthenticationFilter@3e1ceebd, org.springframework.security.web.savedrequest.RequestCacheAwareFilter@7a63f7fe, org.springframework.security.web.servletapi.SecurityContextHolderAwareRequestFilter@1d726756, org.springframework.security.web.authentication.AnonymousAuthenticationFilter@10dc6486, org.springframework.security.web.session.SessionManagementFilter@1a1588a8, org.springframework.security.web.access.ExceptionTranslationFilter@45ff4fcf, org.springframework.security.web.access.intercept.FilterSecurityInterceptor@7ff130b]
2021-01-19 09:38:29.988  INFO 2717 --- [    Test worker] o.s.b.t.m.w.SpringBootMockServletContext : Initializing Spring TestDispatcherServlet ''
2021-01-19 09:38:29.988  INFO 2717 --- [    Test worker] o.s.t.web.servlet.TestDispatcherServlet  : Initializing Servlet ''
2021-01-19 09:38:30.001  INFO 2717 --- [    Test worker] o.s.t.web.servlet.TestDispatcherServlet  : Completed initialization in 12 ms
2021-01-19 09:38:30.023  INFO 2717 --- [    Test worker] c.b.b.s.web.HelloControllerTest          : Started HelloControllerTest in 0.721 seconds (JVM running for 6.129)
]]></system-out>
  <system-err><![CDATA[]]></system-err>
</testsuite>
