<?xml version="1.0" encoding="UTF-8"?>
<testsuite name="com.brick.book.springboot.web.HelloControllerTest" tests="2" skipped="0" failures="0" errors="0" timestamp="2021-01-19T09:58:28" hostname="Jinhoui-MacBookPro.local" time="0.045">
  <properties/>
  <testcase name="hello가_리턴된다()" classname="com.brick.book.springboot.web.HelloControllerTest" time="0.019"/>
  <testcase name="helloDto가_리턴된다()" classname="com.brick.book.springboot.web.HelloControllerTest" time="0.026"/>
  <system-out><![CDATA[2021-01-19 18:58:28.065  INFO 17580 --- [    Test worker] .b.t.a.w.s.WebMvcTestContextBootstrapper : Neither @ContextConfiguration nor @ContextHierarchy found for test class [com.brick.book.springboot.web.HelloControllerTest], using SpringBootContextLoader
2021-01-19 18:58:28.066  INFO 17580 --- [    Test worker] o.s.t.c.support.AbstractContextLoader    : Could not detect default resource locations for test class [com.brick.book.springboot.web.HelloControllerTest]: no resource found for suffixes {-context.xml, Context.groovy}.
2021-01-19 18:58:28.066  INFO 17580 --- [    Test worker] t.c.s.AnnotationConfigContextLoaderUtils : Could not detect default configuration classes for test class [com.brick.book.springboot.web.HelloControllerTest]: HelloControllerTest does not declare any static, non-private, non-final, nested classes annotated with @Configuration.
2021-01-19 18:58:28.080  INFO 17580 --- [    Test worker] .b.t.c.SpringBootTestContextBootstrapper : Found @SpringBootConfiguration com.brick.book.springboot.Application for test class com.brick.book.springboot.web.HelloControllerTest
2021-01-19 18:58:28.080  INFO 17580 --- [    Test worker] .b.t.a.w.s.WebMvcTestContextBootstrapper : Loaded default TestExecutionListener class names from location [META-INF/spring.factories]: [org.springframework.security.test.context.support.WithSecurityContextTestExecutionListener, org.springframework.security.test.context.support.ReactorContextTestExecutionListener, org.springframework.boot.test.autoconfigure.restdocs.RestDocsTestExecutionListener, org.springframework.boot.test.autoconfigure.web.client.MockRestServiceServerResetTestExecutionListener, org.springframework.boot.test.autoconfigure.web.servlet.MockMvcPrintOnlyOnFailureTestExecutionListener, org.springframework.boot.test.autoconfigure.web.servlet.WebDriverTestExecutionListener, org.springframework.boot.test.autoconfigure.webservices.client.MockWebServiceServerTestExecutionListener, org.springframework.boot.test.mock.mockito.MockitoTestExecutionListener, org.springframework.boot.test.mock.mockito.ResetMocksTestExecutionListener, org.springframework.test.context.web.ServletTestExecutionListener, org.springframework.test.context.support.DirtiesContextBeforeModesTestExecutionListener, org.springframework.test.context.support.DependencyInjectionTestExecutionListener, org.springframework.test.context.support.DirtiesContextTestExecutionListener, org.springframework.test.context.transaction.TransactionalTestExecutionListener, org.springframework.test.context.jdbc.SqlScriptsTestExecutionListener, org.springframework.test.context.event.EventPublishingTestExecutionListener]
2021-01-19 18:58:28.081  INFO 17580 --- [    Test worker] .b.t.a.w.s.WebMvcTestContextBootstrapper : Using TestExecutionListeners: [org.springframework.test.context.web.ServletTestExecutionListener@15555a50, org.springframework.test.context.support.DirtiesContextBeforeModesTestExecutionListener@550ce591, org.springframework.boot.test.mock.mockito.MockitoTestExecutionListener@4f9fd8eb, org.springframework.boot.test.autoconfigure.SpringBootDependencyInjectionTestExecutionListener@2ae96c24, org.springframework.test.context.support.DirtiesContextTestExecutionListener@15d124f3, org.springframework.test.context.transaction.TransactionalTestExecutionListener@27436bb5, org.springframework.test.context.jdbc.SqlScriptsTestExecutionListener@16aaa736, org.springframework.security.test.context.support.WithSecurityContextTestExecutionListener@77c3618b, org.springframework.test.context.event.EventPublishingTestExecutionListener@6ba9353c, org.springframework.security.test.context.support.ReactorContextTestExecutionListener@570be53f, org.springframework.boot.test.autoconfigure.restdocs.RestDocsTestExecutionListener@14db7bff, org.springframework.boot.test.autoconfigure.web.client.MockRestServiceServerResetTestExecutionListener@78f89fd6, org.springframework.boot.test.autoconfigure.web.servlet.MockMvcPrintOnlyOnFailureTestExecutionListener@5ada4520, org.springframework.boot.test.autoconfigure.web.servlet.WebDriverTestExecutionListener@52707159, org.springframework.boot.test.autoconfigure.webservices.client.MockWebServiceServerTestExecutionListener@1d3bec6b, org.springframework.boot.test.mock.mockito.ResetMocksTestExecutionListener@2181d635]

  .   ____          _            __ _ _
 /\\ / ___'_ __ _ _(_)_ __  __ _ \ \ \ \
( ( )\___ | '_ | '_| | '_ \/ _` | \ \ \ \
 \\/  ___)| |_)| | | | | || (_| |  ) ) ) )
  '  |____| .__|_| |_|_| |_\__, | / / / /
 =========|_|==============|___/=/_/_/_/
 :: Spring Boot ::                (v2.4.1)

2021-01-19 18:58:28.102  INFO 17580 --- [    Test worker] c.b.b.s.web.HelloControllerTest          : Starting HelloControllerTest using Java 1.8.0_275 on Jinhoui-MacBookPro.local with PID 17580 (started by jinhohan in /Users/jinhohan/IdeaProjects/springboot2-webservice)
2021-01-19 18:58:28.102  INFO 17580 --- [    Test worker] c.b.b.s.web.HelloControllerTest          : The following profiles are active: oauth
2021-01-19 18:58:28.340  INFO 17580 --- [    Test worker] o.s.s.concurrent.ThreadPoolTaskExecutor  : Initializing ExecutorService 'applicationTaskExecutor'
2021-01-19 18:58:28.363  INFO 17580 --- [    Test worker] o.s.b.a.w.s.WelcomePageHandlerMapping    : Adding welcome page template: index
2021-01-19 18:58:28.584  INFO 17580 --- [    Test worker] o.s.s.web.DefaultSecurityFilterChain     : Will secure any request with [org.springframework.security.web.context.request.async.WebAsyncManagerIntegrationFilter@40758641, org.springframework.security.web.context.SecurityContextPersistenceFilter@e9cde2, org.springframework.security.web.header.HeaderWriterFilter@202cd2ba, org.springframework.security.web.csrf.CsrfFilter@2b14a0da, org.springframework.security.web.authentication.logout.LogoutFilter@485ee570, org.springframework.security.oauth2.client.web.OAuth2AuthorizationRequestRedirectFilter@3acdb7cd, org.springframework.security.oauth2.client.web.OAuth2AuthorizationRequestRedirectFilter@55a860aa, org.springframework.security.oauth2.client.web.OAuth2LoginAuthenticationFilter@17e37c85, org.springframework.security.web.authentication.ui.DefaultLoginPageGeneratingFilter@37fcb801, org.springframework.security.web.authentication.ui.DefaultLogoutPageGeneratingFilter@ea2a6fa, org.springframework.security.web.savedrequest.RequestCacheAwareFilter@6bd281e3, org.springframework.security.web.servletapi.SecurityContextHolderAwareRequestFilter@2d2d2721, org.springframework.security.web.authentication.AnonymousAuthenticationFilter@16d0abdf, org.springframework.security.oauth2.client.web.OAuth2AuthorizationCodeGrantFilter@6a1e4e87, org.springframework.security.web.session.SessionManagementFilter@2e30b415, org.springframework.security.web.access.ExceptionTranslationFilter@6f308c10, org.springframework.security.web.access.intercept.FilterSecurityInterceptor@2d593483]
2021-01-19 18:58:28.628  INFO 17580 --- [    Test worker] o.s.b.t.m.w.SpringBootMockServletContext : Initializing Spring TestDispatcherServlet ''
2021-01-19 18:58:28.628  INFO 17580 --- [    Test worker] o.s.t.web.servlet.TestDispatcherServlet  : Initializing Servlet ''
2021-01-19 18:58:28.628  INFO 17580 --- [    Test worker] o.s.t.web.servlet.TestDispatcherServlet  : Completed initialization in 0 ms
2021-01-19 18:58:28.638  INFO 17580 --- [    Test worker] c.b.b.s.web.HelloControllerTest          : Started HelloControllerTest in 0.554 seconds (JVM running for 7.959)
]]></system-out>
  <system-err><![CDATA[]]></system-err>
</testsuite>
