<?xml version="1.0" encoding="UTF-8"?>
<testsuite name="com.brick.book.springboot.web.PostsApiControllerTest" tests="2" skipped="0" failures="0" errors="0" timestamp="2021-01-26T08:07:19" hostname="Jinhoui-MacBookPro.local" time="0.174">
  <properties/>
  <testcase name="Posts_등록된다()" classname="com.brick.book.springboot.web.PostsApiControllerTest" time="0.154"/>
  <testcase name="Posts_수정된다()" classname="com.brick.book.springboot.web.PostsApiControllerTest" time="0.019"/>
  <system-out><![CDATA[2021-01-26 17:07:19.254  INFO 22329 --- [    Test worker] .b.t.c.SpringBootTestContextBootstrapper : Neither @ContextConfiguration nor @ContextHierarchy found for test class [com.brick.book.springboot.web.PostsApiControllerTest], using SpringBootContextLoader
2021-01-26 17:07:19.255  INFO 22329 --- [    Test worker] o.s.t.c.support.AbstractContextLoader    : Could not detect default resource locations for test class [com.brick.book.springboot.web.PostsApiControllerTest]: no resource found for suffixes {-context.xml, Context.groovy}.
2021-01-26 17:07:19.255  INFO 22329 --- [    Test worker] t.c.s.AnnotationConfigContextLoaderUtils : Could not detect default configuration classes for test class [com.brick.book.springboot.web.PostsApiControllerTest]: PostsApiControllerTest does not declare any static, non-private, non-final, nested classes annotated with @Configuration.
2021-01-26 17:07:19.257  INFO 22329 --- [    Test worker] .b.t.c.SpringBootTestContextBootstrapper : Found @SpringBootConfiguration com.brick.book.springboot.Application for test class com.brick.book.springboot.web.PostsApiControllerTest
2021-01-26 17:07:19.259  INFO 22329 --- [    Test worker] .b.t.c.SpringBootTestContextBootstrapper : Loaded default TestExecutionListener class names from location [META-INF/spring.factories]: [org.springframework.security.test.context.support.WithSecurityContextTestExecutionListener, org.springframework.security.test.context.support.ReactorContextTestExecutionListener, org.springframework.boot.test.autoconfigure.restdocs.RestDocsTestExecutionListener, org.springframework.boot.test.autoconfigure.web.client.MockRestServiceServerResetTestExecutionListener, org.springframework.boot.test.autoconfigure.web.servlet.MockMvcPrintOnlyOnFailureTestExecutionListener, org.springframework.boot.test.autoconfigure.web.servlet.WebDriverTestExecutionListener, org.springframework.boot.test.autoconfigure.webservices.client.MockWebServiceServerTestExecutionListener, org.springframework.boot.test.mock.mockito.MockitoTestExecutionListener, org.springframework.boot.test.mock.mockito.ResetMocksTestExecutionListener, org.springframework.test.context.web.ServletTestExecutionListener, org.springframework.test.context.support.DirtiesContextBeforeModesTestExecutionListener, org.springframework.test.context.support.DependencyInjectionTestExecutionListener, org.springframework.test.context.support.DirtiesContextTestExecutionListener, org.springframework.test.context.transaction.TransactionalTestExecutionListener, org.springframework.test.context.jdbc.SqlScriptsTestExecutionListener, org.springframework.test.context.event.EventPublishingTestExecutionListener]
2021-01-26 17:07:19.260  INFO 22329 --- [    Test worker] .b.t.c.SpringBootTestContextBootstrapper : Using TestExecutionListeners: [org.springframework.test.context.web.ServletTestExecutionListener@1975c21, org.springframework.test.context.support.DirtiesContextBeforeModesTestExecutionListener@1af31ccc, org.springframework.boot.test.mock.mockito.MockitoTestExecutionListener@596e25b1, org.springframework.boot.test.autoconfigure.SpringBootDependencyInjectionTestExecutionListener@dce83bc, org.springframework.test.context.support.DirtiesContextTestExecutionListener@3603b070, org.springframework.test.context.transaction.TransactionalTestExecutionListener@3414df00, org.springframework.test.context.jdbc.SqlScriptsTestExecutionListener@1c7f379e, org.springframework.security.test.context.support.WithSecurityContextTestExecutionListener@655584ce, org.springframework.test.context.event.EventPublishingTestExecutionListener@4efe2824, org.springframework.security.test.context.support.ReactorContextTestExecutionListener@5c800224, org.springframework.boot.test.autoconfigure.restdocs.RestDocsTestExecutionListener@39a60ded, org.springframework.boot.test.autoconfigure.web.client.MockRestServiceServerResetTestExecutionListener@709c9de3, org.springframework.boot.test.autoconfigure.web.servlet.MockMvcPrintOnlyOnFailureTestExecutionListener@4f1c34dc, org.springframework.boot.test.autoconfigure.web.servlet.WebDriverTestExecutionListener@13d19e39, org.springframework.boot.test.autoconfigure.webservices.client.MockWebServiceServerTestExecutionListener@1a9120cb, org.springframework.boot.test.mock.mockito.ResetMocksTestExecutionListener@ef6d5ff]
2021-01-26 17:07:19.273  INFO 22329 --- [    Test worker] o.a.c.c.C.[Tomcat].[localhost].[/]       : Initializing Spring TestDispatcherServlet ''
2021-01-26 17:07:19.273  INFO 22329 --- [    Test worker] o.s.t.web.servlet.TestDispatcherServlet  : Initializing Servlet ''
2021-01-26 17:07:19.274  INFO 22329 --- [    Test worker] o.s.t.web.servlet.TestDispatcherServlet  : Completed initialization in 1 ms
Hibernate: insert into posts (create_date, modify_date, author, content, title) values (?, ?, ?, ?, ?)
Hibernate: select posts0_.id as id1_0_, posts0_.create_date as create_d2_0_, posts0_.modify_date as modify_d3_0_, posts0_.author as author4_0_, posts0_.content as content5_0_, posts0_.title as title6_0_ from posts posts0_
Hibernate: select posts0_.id as id1_0_, posts0_.create_date as create_d2_0_, posts0_.modify_date as modify_d3_0_, posts0_.author as author4_0_, posts0_.content as content5_0_, posts0_.title as title6_0_ from posts posts0_
Hibernate: delete from posts where id=?
2021-01-26 17:07:19.421  INFO 22329 --- [    Test worker] o.a.c.c.C.[Tomcat].[localhost].[/]       : Initializing Spring TestDispatcherServlet ''
2021-01-26 17:07:19.421  INFO 22329 --- [    Test worker] o.s.t.web.servlet.TestDispatcherServlet  : Initializing Servlet ''
2021-01-26 17:07:19.422  INFO 22329 --- [    Test worker] o.s.t.web.servlet.TestDispatcherServlet  : Completed initialization in 1 ms
Hibernate: insert into posts (create_date, modify_date, author, content, title) values (?, ?, ?, ?, ?)
Hibernate: select posts0_.id as id1_0_0_, posts0_.create_date as create_d2_0_0_, posts0_.modify_date as modify_d3_0_0_, posts0_.author as author4_0_0_, posts0_.content as content5_0_0_, posts0_.title as title6_0_0_ from posts posts0_ where posts0_.id=?
Hibernate: update posts set create_date=?, modify_date=?, author=?, content=?, title=? where id=?
Hibernate: select posts0_.id as id1_0_, posts0_.create_date as create_d2_0_, posts0_.modify_date as modify_d3_0_, posts0_.author as author4_0_, posts0_.content as content5_0_, posts0_.title as title6_0_ from posts posts0_
Hibernate: select posts0_.id as id1_0_, posts0_.create_date as create_d2_0_, posts0_.modify_date as modify_d3_0_, posts0_.author as author4_0_, posts0_.content as content5_0_, posts0_.title as title6_0_ from posts posts0_
Hibernate: delete from posts where id=?
]]></system-out>
  <system-err><![CDATA[]]></system-err>
</testsuite>
