<?xml version="1.0" encoding="UTF-8"?>
<testsuite name="com.brick.book.springboot.domain.posts.PostsRepositoryTest" tests="2" skipped="0" failures="0" errors="0" timestamp="2021-01-19T09:58:28" hostname="Jinhoui-MacBookPro.local" time="0.032">
  <properties/>
  <testcase name="게시글저장_불러오기()" classname="com.brick.book.springboot.domain.posts.PostsRepositoryTest" time="0.02"/>
  <testcase name="BaseTimeEntity_등록()" classname="com.brick.book.springboot.domain.posts.PostsRepositoryTest" time="0.012"/>
  <system-out><![CDATA[2021-01-19 18:58:26.966  INFO 17580 --- [    Test worker] .b.t.c.SpringBootTestContextBootstrapper : Neither @ContextConfiguration nor @ContextHierarchy found for test class [com.brick.book.springboot.domain.posts.PostsRepositoryTest], using SpringBootContextLoader
2021-01-19 18:58:26.966  INFO 17580 --- [    Test worker] o.s.t.c.support.AbstractContextLoader    : Could not detect default resource locations for test class [com.brick.book.springboot.domain.posts.PostsRepositoryTest]: no resource found for suffixes {-context.xml, Context.groovy}.
2021-01-19 18:58:26.966  INFO 17580 --- [    Test worker] t.c.s.AnnotationConfigContextLoaderUtils : Could not detect default configuration classes for test class [com.brick.book.springboot.domain.posts.PostsRepositoryTest]: PostsRepositoryTest does not declare any static, non-private, non-final, nested classes annotated with @Configuration.
2021-01-19 18:58:26.970  INFO 17580 --- [    Test worker] .b.t.c.SpringBootTestContextBootstrapper : Found @SpringBootConfiguration com.brick.book.springboot.Application for test class com.brick.book.springboot.domain.posts.PostsRepositoryTest
2021-01-19 18:58:26.971  INFO 17580 --- [    Test worker] .b.t.c.SpringBootTestContextBootstrapper : Loaded default TestExecutionListener class names from location [META-INF/spring.factories]: [org.springframework.security.test.context.support.WithSecurityContextTestExecutionListener, org.springframework.security.test.context.support.ReactorContextTestExecutionListener, org.springframework.boot.test.autoconfigure.restdocs.RestDocsTestExecutionListener, org.springframework.boot.test.autoconfigure.web.client.MockRestServiceServerResetTestExecutionListener, org.springframework.boot.test.autoconfigure.web.servlet.MockMvcPrintOnlyOnFailureTestExecutionListener, org.springframework.boot.test.autoconfigure.web.servlet.WebDriverTestExecutionListener, org.springframework.boot.test.autoconfigure.webservices.client.MockWebServiceServerTestExecutionListener, org.springframework.boot.test.mock.mockito.MockitoTestExecutionListener, org.springframework.boot.test.mock.mockito.ResetMocksTestExecutionListener, org.springframework.test.context.web.ServletTestExecutionListener, org.springframework.test.context.support.DirtiesContextBeforeModesTestExecutionListener, org.springframework.test.context.support.DependencyInjectionTestExecutionListener, org.springframework.test.context.support.DirtiesContextTestExecutionListener, org.springframework.test.context.transaction.TransactionalTestExecutionListener, org.springframework.test.context.jdbc.SqlScriptsTestExecutionListener, org.springframework.test.context.event.EventPublishingTestExecutionListener]
2021-01-19 18:58:26.972  INFO 17580 --- [    Test worker] .b.t.c.SpringBootTestContextBootstrapper : Using TestExecutionListeners: [org.springframework.test.context.web.ServletTestExecutionListener@3fac1522, org.springframework.test.context.support.DirtiesContextBeforeModesTestExecutionListener@7671758b, org.springframework.boot.test.mock.mockito.MockitoTestExecutionListener@10abb567, org.springframework.boot.test.autoconfigure.SpringBootDependencyInjectionTestExecutionListener@6d19a74d, org.springframework.test.context.support.DirtiesContextTestExecutionListener@3243aac9, org.springframework.test.context.transaction.TransactionalTestExecutionListener@4f635c27, org.springframework.test.context.jdbc.SqlScriptsTestExecutionListener@22ec821, org.springframework.security.test.context.support.WithSecurityContextTestExecutionListener@22ad34e6, org.springframework.test.context.event.EventPublishingTestExecutionListener@d97c798, org.springframework.security.test.context.support.ReactorContextTestExecutionListener@58c02069, org.springframework.boot.test.autoconfigure.restdocs.RestDocsTestExecutionListener@2c5b9490, org.springframework.boot.test.autoconfigure.web.client.MockRestServiceServerResetTestExecutionListener@671a9ff9, org.springframework.boot.test.autoconfigure.web.servlet.MockMvcPrintOnlyOnFailureTestExecutionListener@54023f85, org.springframework.boot.test.autoconfigure.web.servlet.WebDriverTestExecutionListener@d188e04, org.springframework.boot.test.autoconfigure.webservices.client.MockWebServiceServerTestExecutionListener@7d176423, org.springframework.boot.test.mock.mockito.ResetMocksTestExecutionListener@4e41c92f]

  .   ____          _            __ _ _
 /\\ / ___'_ __ _ _(_)_ __  __ _ \ \ \ \
( ( )\___ | '_ | '_| | '_ \/ _` | \ \ \ \
 \\/  ___)| |_)| | | | | || (_| |  ) ) ) )
  '  |____| .__|_| |_|_| |_\__, | / / / /
 =========|_|==============|___/=/_/_/_/
 :: Spring Boot ::                (v2.4.1)

2021-01-19 18:58:26.998  INFO 17580 --- [    Test worker] c.b.b.s.d.posts.PostsRepositoryTest      : Starting PostsRepositoryTest using Java 1.8.0_275 on Jinhoui-MacBookPro.local with PID 17580 (started by jinhohan in /Users/jinhohan/IdeaProjects/springboot2-webservice)
2021-01-19 18:58:26.998  INFO 17580 --- [    Test worker] c.b.b.s.d.posts.PostsRepositoryTest      : The following profiles are active: oauth
2021-01-19 18:58:27.168  INFO 17580 --- [    Test worker] .s.d.r.c.RepositoryConfigurationDelegate : Bootstrapping Spring Data JPA repositories in DEFAULT mode.
2021-01-19 18:58:27.181  INFO 17580 --- [    Test worker] .s.d.r.c.RepositoryConfigurationDelegate : Finished Spring Data repository scanning in 13 ms. Found 2 JPA repository interfaces.
2021-01-19 18:58:27.310  INFO 17580 --- [    Test worker] com.zaxxer.hikari.HikariDataSource       : HikariPool-2 - Starting...
2021-01-19 18:58:27.311  INFO 17580 --- [    Test worker] com.zaxxer.hikari.HikariDataSource       : HikariPool-2 - Start completed.
2021-01-19 18:58:27.324  INFO 17580 --- [    Test worker] o.hibernate.jpa.internal.util.LogHelper  : HHH000204: Processing PersistenceUnitInfo [name: default]
2021-01-19 18:58:27.328  INFO 17580 --- [    Test worker] org.hibernate.dialect.Dialect            : HHH000400: Using dialect: org.hibernate.dialect.MySQL57Dialect
Hibernate: drop table if exists posts
Hibernate: drop table if exists user
Hibernate: create table posts (id bigint not null auto_increment, create_date datetime(6), modify_date datetime(6), author varchar(255), content TEXT not null, title varchar(500) not null, primary key (id)) engine=InnoDB
Hibernate: create table user (id bigint not null auto_increment, create_date datetime(6), modify_date datetime(6), email varchar(255) not null, name varchar(255) not null, picture varchar(255), role varchar(255) not null, primary key (id)) engine=InnoDB
2021-01-19 18:58:27.377  INFO 17580 --- [    Test worker] o.h.e.t.j.p.i.JtaPlatformInitiator       : HHH000490: Using JtaPlatform implementation: [org.hibernate.engine.transaction.jta.platform.internal.NoJtaPlatform]
2021-01-19 18:58:27.377  INFO 17580 --- [    Test worker] j.LocalContainerEntityManagerFactoryBean : Initialized JPA EntityManagerFactory for persistence unit 'default'
2021-01-19 18:58:27.484  WARN 17580 --- [    Test worker] JpaBaseConfiguration$JpaWebConfiguration : spring.jpa.open-in-view is enabled by default. Therefore, database queries may be performed during view rendering. Explicitly configure spring.jpa.open-in-view to disable this warning
2021-01-19 18:58:27.631  INFO 17580 --- [    Test worker] o.s.s.web.DefaultSecurityFilterChain     : Will secure any request with [org.springframework.security.web.context.request.async.WebAsyncManagerIntegrationFilter@7b2b5baa, org.springframework.security.web.context.SecurityContextPersistenceFilter@6b07db10, org.springframework.security.web.header.HeaderWriterFilter@5c95d156, org.springframework.security.web.authentication.logout.LogoutFilter@3c13513b, org.springframework.security.oauth2.client.web.OAuth2AuthorizationRequestRedirectFilter@20800a60, org.springframework.security.oauth2.client.web.OAuth2LoginAuthenticationFilter@1ae84e2e, org.springframework.security.web.authentication.ui.DefaultLoginPageGeneratingFilter@524311a6, org.springframework.security.web.authentication.ui.DefaultLogoutPageGeneratingFilter@62acc42a, org.springframework.security.web.savedrequest.RequestCacheAwareFilter@609b6f48, org.springframework.security.web.servletapi.SecurityContextHolderAwareRequestFilter@12f60d6c, org.springframework.security.web.authentication.AnonymousAuthenticationFilter@42df1115, org.springframework.security.web.session.SessionManagementFilter@34ee836f, org.springframework.security.web.access.ExceptionTranslationFilter@13e31e96, org.springframework.security.web.access.intercept.FilterSecurityInterceptor@732d467b]
2021-01-19 18:58:27.764  INFO 17580 --- [    Test worker] o.s.s.concurrent.ThreadPoolTaskExecutor  : Initializing ExecutorService 'applicationTaskExecutor'
2021-01-19 18:58:27.778  INFO 17580 --- [    Test worker] o.s.b.a.h2.H2ConsoleAutoConfiguration    : H2 console available at '/h2-console'. Database available at 'jdbc:h2:mem:testdb'
2021-01-19 18:58:27.799  INFO 17580 --- [    Test worker] o.s.b.a.w.s.WelcomePageHandlerMapping    : Adding welcome page template: index
2021-01-19 18:58:28.020  INFO 17580 --- [    Test worker] s.a.ScheduledAnnotationBeanPostProcessor : No TaskScheduler/ScheduledExecutorService bean found for scheduled processing
2021-01-19 18:58:28.021  INFO 17580 --- [    Test worker] c.b.b.s.d.posts.PostsRepositoryTest      : Started PostsRepositoryTest in 1.043 seconds (JVM running for 7.342)
Hibernate: insert into posts (create_date, modify_date, author, content, title) values (?, ?, ?, ?, ?)
Hibernate: select posts0_.id as id1_0_, posts0_.create_date as create_d2_0_, posts0_.modify_date as modify_d3_0_, posts0_.author as author4_0_, posts0_.content as content5_0_, posts0_.title as title6_0_ from posts posts0_
Hibernate: select posts0_.id as id1_0_, posts0_.create_date as create_d2_0_, posts0_.modify_date as modify_d3_0_, posts0_.author as author4_0_, posts0_.content as content5_0_, posts0_.title as title6_0_ from posts posts0_
Hibernate: delete from posts where id=?
Hibernate: insert into posts (create_date, modify_date, author, content, title) values (?, ?, ?, ?, ?)
Hibernate: select posts0_.id as id1_0_, posts0_.create_date as create_d2_0_, posts0_.modify_date as modify_d3_0_, posts0_.author as author4_0_, posts0_.content as content5_0_, posts0_.title as title6_0_ from posts posts0_
>>>>>>> createDate=2021-01-19T18:58:28.047, modifiedDate=2021-01-19T18:58:28.047
Hibernate: select posts0_.id as id1_0_, posts0_.create_date as create_d2_0_, posts0_.modify_date as modify_d3_0_, posts0_.author as author4_0_, posts0_.content as content5_0_, posts0_.title as title6_0_ from posts posts0_
Hibernate: delete from posts where id=?
]]></system-out>
  <system-err><![CDATA[]]></system-err>
</testsuite>
