<?xml version="1.0" encoding="UTF-8"?>
<testsuite name="com.brick.book.springboot.web.IndexControllerTest" tests="1" skipped="0" failures="0" errors="0" timestamp="2021-01-18T09:08:15" hostname="Jinhoui-MacBookPro.local" time="0.145">
  <properties/>
  <testcase name="메인페이지_로딩" classname="com.brick.book.springboot.web.IndexControllerTest" time="0.145"/>
  <system-out><![CDATA[2021-01-18 18:08:15.082  INFO 17223 --- [    Test worker] .b.t.c.SpringBootTestContextBootstrapper : Neither @ContextConfiguration nor @ContextHierarchy found for test class [com.brick.book.springboot.web.IndexControllerTest], using SpringBootContextLoader
2021-01-18 18:08:15.082  INFO 17223 --- [    Test worker] o.s.t.c.support.AbstractContextLoader    : Could not detect default resource locations for test class [com.brick.book.springboot.web.IndexControllerTest]: no resource found for suffixes {-context.xml, Context.groovy}.
2021-01-18 18:08:15.082  INFO 17223 --- [    Test worker] t.c.s.AnnotationConfigContextLoaderUtils : Could not detect default configuration classes for test class [com.brick.book.springboot.web.IndexControllerTest]: IndexControllerTest does not declare any static, non-private, non-final, nested classes annotated with @Configuration.
2021-01-18 18:08:15.084  INFO 17223 --- [    Test worker] .b.t.c.SpringBootTestContextBootstrapper : Found @SpringBootConfiguration com.brick.book.springboot.Application for test class com.brick.book.springboot.web.IndexControllerTest
2021-01-18 18:08:15.085  INFO 17223 --- [    Test worker] .b.t.c.SpringBootTestContextBootstrapper : Loaded default TestExecutionListener class names from location [META-INF/spring.factories]: [org.springframework.security.test.context.support.WithSecurityContextTestExecutionListener, org.springframework.security.test.context.support.ReactorContextTestExecutionListener, org.springframework.boot.test.autoconfigure.restdocs.RestDocsTestExecutionListener, org.springframework.boot.test.autoconfigure.web.client.MockRestServiceServerResetTestExecutionListener, org.springframework.boot.test.autoconfigure.web.servlet.MockMvcPrintOnlyOnFailureTestExecutionListener, org.springframework.boot.test.autoconfigure.web.servlet.WebDriverTestExecutionListener, org.springframework.boot.test.mock.mockito.MockitoTestExecutionListener, org.springframework.boot.test.mock.mockito.ResetMocksTestExecutionListener, org.springframework.test.context.web.ServletTestExecutionListener, org.springframework.test.context.support.DirtiesContextBeforeModesTestExecutionListener, org.springframework.test.context.support.DependencyInjectionTestExecutionListener, org.springframework.test.context.support.DirtiesContextTestExecutionListener, org.springframework.test.context.transaction.TransactionalTestExecutionListener, org.springframework.test.context.jdbc.SqlScriptsTestExecutionListener]
2021-01-18 18:08:15.086  INFO 17223 --- [    Test worker] .b.t.c.SpringBootTestContextBootstrapper : Using TestExecutionListeners: [org.springframework.test.context.web.ServletTestExecutionListener@6ad462e2, org.springframework.test.context.support.DirtiesContextBeforeModesTestExecutionListener@62ad8f13, org.springframework.boot.test.mock.mockito.MockitoTestExecutionListener@44ede3, org.springframework.boot.test.autoconfigure.SpringBootDependencyInjectionTestExecutionListener@34ed3970, org.springframework.test.context.support.DirtiesContextTestExecutionListener@7de78e7d, org.springframework.test.context.transaction.TransactionalTestExecutionListener@73bc53c5, org.springframework.test.context.jdbc.SqlScriptsTestExecutionListener@543083a4, org.springframework.security.test.context.support.WithSecurityContextTestExecutionListener@94b06eb, org.springframework.security.test.context.support.ReactorContextTestExecutionListener@481ee5d9, org.springframework.boot.test.autoconfigure.restdocs.RestDocsTestExecutionListener@59adb564, org.springframework.boot.test.autoconfigure.web.client.MockRestServiceServerResetTestExecutionListener@9d02056, org.springframework.boot.test.autoconfigure.web.servlet.MockMvcPrintOnlyOnFailureTestExecutionListener@587d13d9, org.springframework.boot.test.autoconfigure.web.servlet.WebDriverTestExecutionListener@67f20522, org.springframework.boot.test.mock.mockito.ResetMocksTestExecutionListener@53408a2d]
2021-01-18 18:08:15.180  INFO 17223 --- [o-auto-1-exec-1] o.a.c.c.C.[Tomcat].[localhost].[/]       : Initializing Spring DispatcherServlet 'dispatcherServlet'
2021-01-18 18:08:15.180  INFO 17223 --- [o-auto-1-exec-1] o.s.web.servlet.DispatcherServlet        : Initializing Servlet 'dispatcherServlet'
2021-01-18 18:08:15.183  INFO 17223 --- [o-auto-1-exec-1] o.s.web.servlet.DispatcherServlet        : Completed initialization in 3 ms
Hibernate: select posts0_.id as id1_0_, posts0_.create_date as create_d2_0_, posts0_.modify_date as modify_d3_0_, posts0_.author as author4_0_, posts0_.content as content5_0_, posts0_.title as title6_0_ from posts posts0_ order by posts0_.id desc
]]></system-out>
  <system-err><![CDATA[]]></system-err>
</testsuite>
