<?xml version="1.0" encoding="UTF-8"?>
<testsuite name="com.brick.book.springboot.web.IndexControllerTest" tests="1" skipped="0" failures="0" errors="0" timestamp="2021-01-19T09:58:26" hostname="Jinhoui-MacBookPro.local" time="0.346">
  <properties/>
  <testcase name="메인페이지_로딩()" classname="com.brick.book.springboot.web.IndexControllerTest" time="0.346"/>
  <system-out><![CDATA[18:58:21.341 [Test worker] DEBUG org.springframework.test.context.BootstrapUtils - Instantiating CacheAwareContextLoaderDelegate from class [org.springframework.test.context.cache.DefaultCacheAwareContextLoaderDelegate]
18:58:21.352 [Test worker] DEBUG org.springframework.test.context.BootstrapUtils - Instantiating BootstrapContext using constructor [public org.springframework.test.context.support.DefaultBootstrapContext(java.lang.Class,org.springframework.test.context.CacheAwareContextLoaderDelegate)]
18:58:21.383 [Test worker] DEBUG org.springframework.test.context.BootstrapUtils - Instantiating TestContextBootstrapper for test class [com.brick.book.springboot.web.IndexControllerTest] from class [org.springframework.boot.test.context.SpringBootTestContextBootstrapper]
18:58:21.399 [Test worker] INFO org.springframework.boot.test.context.SpringBootTestContextBootstrapper - Neither @ContextConfiguration nor @ContextHierarchy found for test class [com.brick.book.springboot.web.IndexControllerTest], using SpringBootContextLoader
18:58:21.402 [Test worker] DEBUG org.springframework.test.context.support.AbstractContextLoader - Did not detect default resource location for test class [com.brick.book.springboot.web.IndexControllerTest]: class path resource [com/brick/book/springboot/web/IndexControllerTest-context.xml] does not exist
18:58:21.402 [Test worker] DEBUG org.springframework.test.context.support.AbstractContextLoader - Did not detect default resource location for test class [com.brick.book.springboot.web.IndexControllerTest]: class path resource [com/brick/book/springboot/web/IndexControllerTestContext.groovy] does not exist
18:58:21.403 [Test worker] INFO org.springframework.test.context.support.AbstractContextLoader - Could not detect default resource locations for test class [com.brick.book.springboot.web.IndexControllerTest]: no resource found for suffixes {-context.xml, Context.groovy}.
18:58:21.403 [Test worker] INFO org.springframework.test.context.support.AnnotationConfigContextLoaderUtils - Could not detect default configuration classes for test class [com.brick.book.springboot.web.IndexControllerTest]: IndexControllerTest does not declare any static, non-private, non-final, nested classes annotated with @Configuration.
18:58:21.437 [Test worker] DEBUG org.springframework.test.context.support.ActiveProfilesUtils - Could not find an 'annotation declaring class' for annotation type [org.springframework.test.context.ActiveProfiles] and class [com.brick.book.springboot.web.IndexControllerTest]
18:58:21.494 [Test worker] DEBUG org.springframework.context.annotation.ClassPathScanningCandidateComponentProvider - Identified candidate component class: file [/Users/jinhohan/IdeaProjects/springboot2-webservice/build/classes/java/main/com/brick/book/springboot/Application.class]
18:58:21.495 [Test worker] INFO org.springframework.boot.test.context.SpringBootTestContextBootstrapper - Found @SpringBootConfiguration com.brick.book.springboot.Application for test class com.brick.book.springboot.web.IndexControllerTest
18:58:21.571 [Test worker] DEBUG org.springframework.boot.test.context.SpringBootTestContextBootstrapper - @TestExecutionListeners is not present for class [com.brick.book.springboot.web.IndexControllerTest]: using defaults.
18:58:21.571 [Test worker] INFO org.springframework.boot.test.context.SpringBootTestContextBootstrapper - Loaded default TestExecutionListener class names from location [META-INF/spring.factories]: [org.springframework.security.test.context.support.WithSecurityContextTestExecutionListener, org.springframework.security.test.context.support.ReactorContextTestExecutionListener, org.springframework.boot.test.autoconfigure.restdocs.RestDocsTestExecutionListener, org.springframework.boot.test.autoconfigure.web.client.MockRestServiceServerResetTestExecutionListener, org.springframework.boot.test.autoconfigure.web.servlet.MockMvcPrintOnlyOnFailureTestExecutionListener, org.springframework.boot.test.autoconfigure.web.servlet.WebDriverTestExecutionListener, org.springframework.boot.test.autoconfigure.webservices.client.MockWebServiceServerTestExecutionListener, org.springframework.boot.test.mock.mockito.MockitoTestExecutionListener, org.springframework.boot.test.mock.mockito.ResetMocksTestExecutionListener, org.springframework.test.context.web.ServletTestExecutionListener, org.springframework.test.context.support.DirtiesContextBeforeModesTestExecutionListener, org.springframework.test.context.support.DependencyInjectionTestExecutionListener, org.springframework.test.context.support.DirtiesContextTestExecutionListener, org.springframework.test.context.transaction.TransactionalTestExecutionListener, org.springframework.test.context.jdbc.SqlScriptsTestExecutionListener, org.springframework.test.context.event.EventPublishingTestExecutionListener]
18:58:21.588 [Test worker] INFO org.springframework.boot.test.context.SpringBootTestContextBootstrapper - Using TestExecutionListeners: [org.springframework.test.context.web.ServletTestExecutionListener@2dd9c513, org.springframework.test.context.support.DirtiesContextBeforeModesTestExecutionListener@14dffb69, org.springframework.boot.test.mock.mockito.MockitoTestExecutionListener@67789da6, org.springframework.boot.test.autoconfigure.SpringBootDependencyInjectionTestExecutionListener@285f8b8e, org.springframework.test.context.support.DirtiesContextTestExecutionListener@4bcd22cb, org.springframework.test.context.transaction.TransactionalTestExecutionListener@20a29c68, org.springframework.test.context.jdbc.SqlScriptsTestExecutionListener@314a077, org.springframework.security.test.context.support.WithSecurityContextTestExecutionListener@57c35860, org.springframework.test.context.event.EventPublishingTestExecutionListener@753ae329, org.springframework.security.test.context.support.ReactorContextTestExecutionListener@414f603a, org.springframework.boot.test.autoconfigure.restdocs.RestDocsTestExecutionListener@67fe777c, org.springframework.boot.test.autoconfigure.web.client.MockRestServiceServerResetTestExecutionListener@2a3323bb, org.springframework.boot.test.autoconfigure.web.servlet.MockMvcPrintOnlyOnFailureTestExecutionListener@832be7f, org.springframework.boot.test.autoconfigure.web.servlet.WebDriverTestExecutionListener@32c651f3, org.springframework.boot.test.autoconfigure.webservices.client.MockWebServiceServerTestExecutionListener@26178540, org.springframework.boot.test.mock.mockito.ResetMocksTestExecutionListener@150a44c2]
18:58:21.592 [Test worker] DEBUG org.springframework.test.context.support.AbstractDirtiesContextTestExecutionListener - Before test class: context [DefaultTestContext@1c8cb463 testClass = IndexControllerTest, testInstance = [null], testMethod = [null], testException = [null], mergedContextConfiguration = [WebMergedContextConfiguration@47ff7be2 testClass = IndexControllerTest, locations = '{}', classes = '{class com.brick.book.springboot.Application}', contextInitializerClasses = '[]', activeProfiles = '{}', propertySourceLocations = '{}', propertySourceProperties = '{org.springframework.boot.test.context.SpringBootTestContextBootstrapper=true, server.port=0}', contextCustomizers = set[org.springframework.boot.test.autoconfigure.actuate.metrics.MetricsExportContextCustomizerFactory$DisableMetricExportContextCustomizer@38b3a2f1, org.springframework.boot.test.autoconfigure.properties.PropertyMappingContextCustomizer@0, org.springframework.boot.test.autoconfigure.web.servlet.WebDriverContextCustomizerFactory$Customizer@5d7947cf, org.springframework.boot.test.context.filter.ExcludeFilterContextCustomizer@1724649c, org.springframework.boot.test.json.DuplicateJsonObjectContextCustomizerFactory$DuplicateJsonObjectContextCustomizer@39b65fd7, org.springframework.boot.test.mock.mockito.MockitoContextCustomizer@0, org.springframework.boot.test.web.client.TestRestTemplateContextCustomizer@3687d985, org.springframework.boot.test.context.SpringBootTestArgs@1, org.springframework.boot.test.context.SpringBootTestWebEnvironment@bdd40ef], resourceBasePath = 'src/main/webapp', contextLoader = 'org.springframework.boot.test.context.SpringBootContextLoader', parent = [null]], attributes = map['org.springframework.test.context.web.ServletTestExecutionListener.activateListener' -> false]], class annotated with @DirtiesContext [false] with mode [null].
18:58:21.601 [Test worker] DEBUG org.springframework.test.context.support.DependencyInjectionTestExecutionListener - Performing dependency injection for test context [[DefaultTestContext@1c8cb463 testClass = IndexControllerTest, testInstance = com.brick.book.springboot.web.IndexControllerTest@59d79154, testMethod = [null], testException = [null], mergedContextConfiguration = [WebMergedContextConfiguration@47ff7be2 testClass = IndexControllerTest, locations = '{}', classes = '{class com.brick.book.springboot.Application}', contextInitializerClasses = '[]', activeProfiles = '{}', propertySourceLocations = '{}', propertySourceProperties = '{org.springframework.boot.test.context.SpringBootTestContextBootstrapper=true, server.port=0}', contextCustomizers = set[org.springframework.boot.test.autoconfigure.actuate.metrics.MetricsExportContextCustomizerFactory$DisableMetricExportContextCustomizer@38b3a2f1, org.springframework.boot.test.autoconfigure.properties.PropertyMappingContextCustomizer@0, org.springframework.boot.test.autoconfigure.web.servlet.WebDriverContextCustomizerFactory$Customizer@5d7947cf, org.springframework.boot.test.context.filter.ExcludeFilterContextCustomizer@1724649c, org.springframework.boot.test.json.DuplicateJsonObjectContextCustomizerFactory$DuplicateJsonObjectContextCustomizer@39b65fd7, org.springframework.boot.test.mock.mockito.MockitoContextCustomizer@0, org.springframework.boot.test.web.client.TestRestTemplateContextCustomizer@3687d985, org.springframework.boot.test.context.SpringBootTestArgs@1, org.springframework.boot.test.context.SpringBootTestWebEnvironment@bdd40ef], resourceBasePath = 'src/main/webapp', contextLoader = 'org.springframework.boot.test.context.SpringBootContextLoader', parent = [null]], attributes = map['org.springframework.test.context.web.ServletTestExecutionListener.activateListener' -> false]]].
18:58:21.617 [Test worker] DEBUG org.springframework.test.context.support.TestPropertySourceUtils - Adding inlined properties to environment: {spring.jmx.enabled=false, org.springframework.boot.test.context.SpringBootTestContextBootstrapper=true, server.port=0}

  .   ____          _            __ _ _
 /\\ / ___'_ __ _ _(_)_ __  __ _ \ \ \ \
( ( )\___ | '_ | '_| | '_ \/ _` | \ \ \ \
 \\/  ___)| |_)| | | | | || (_| |  ) ) ) )
  '  |____| .__|_| |_|_| |_\__, | / / / /
 =========|_|==============|___/=/_/_/_/
 :: Spring Boot ::                (v2.4.1)

2021-01-19 18:58:21.843  INFO 17580 --- [    Test worker] c.b.b.s.web.IndexControllerTest          : Starting IndexControllerTest using Java 1.8.0_275 on Jinhoui-MacBookPro.local with PID 17580 (started by jinhohan in /Users/jinhohan/IdeaProjects/springboot2-webservice)
2021-01-19 18:58:21.844  INFO 17580 --- [    Test worker] c.b.b.s.web.IndexControllerTest          : The following profiles are active: oauth
2021-01-19 18:58:22.356  INFO 17580 --- [    Test worker] .s.d.r.c.RepositoryConfigurationDelegate : Bootstrapping Spring Data JPA repositories in DEFAULT mode.
2021-01-19 18:58:22.416  INFO 17580 --- [    Test worker] .s.d.r.c.RepositoryConfigurationDelegate : Finished Spring Data repository scanning in 53 ms. Found 2 JPA repository interfaces.
2021-01-19 18:58:23.038  INFO 17580 --- [    Test worker] o.s.b.w.embedded.tomcat.TomcatWebServer  : Tomcat initialized with port(s): 0 (http)
2021-01-19 18:58:23.048  INFO 17580 --- [    Test worker] o.apache.catalina.core.StandardService   : Starting service [Tomcat]
2021-01-19 18:58:23.049  INFO 17580 --- [    Test worker] org.apache.catalina.core.StandardEngine  : Starting Servlet engine: [Apache Tomcat/9.0.41]
2021-01-19 18:58:23.125  INFO 17580 --- [    Test worker] o.a.c.c.C.[Tomcat].[localhost].[/]       : Initializing Spring embedded WebApplicationContext
2021-01-19 18:58:23.126  INFO 17580 --- [    Test worker] w.s.c.ServletWebServerApplicationContext : Root WebApplicationContext: initialization completed in 1268 ms
2021-01-19 18:58:23.180  INFO 17580 --- [    Test worker] com.zaxxer.hikari.HikariDataSource       : HikariPool-1 - Starting...
2021-01-19 18:58:23.343  INFO 17580 --- [    Test worker] com.zaxxer.hikari.HikariDataSource       : HikariPool-1 - Start completed.
2021-01-19 18:58:23.351  INFO 17580 --- [    Test worker] o.s.b.a.h2.H2ConsoleAutoConfiguration    : H2 console available at '/h2-console'. Database available at 'jdbc:h2:mem:testdb'
2021-01-19 18:58:23.711  INFO 17580 --- [    Test worker] o.hibernate.jpa.internal.util.LogHelper  : HHH000204: Processing PersistenceUnitInfo [name: default]
2021-01-19 18:58:23.794  INFO 17580 --- [    Test worker] org.hibernate.Version                    : HHH000412: Hibernate ORM core version 5.4.25.Final
2021-01-19 18:58:23.943  INFO 17580 --- [    Test worker] o.hibernate.annotations.common.Version   : HCANN000001: Hibernate Commons Annotations {5.1.2.Final}
2021-01-19 18:58:24.047  INFO 17580 --- [    Test worker] org.hibernate.dialect.Dialect            : HHH000400: Using dialect: org.hibernate.dialect.MySQL57Dialect
Hibernate: drop table if exists posts
Hibernate: drop table if exists user
Hibernate: create table posts (id bigint not null auto_increment, create_date datetime(6), modify_date datetime(6), author varchar(255), content TEXT not null, title varchar(500) not null, primary key (id)) engine=InnoDB
Hibernate: create table user (id bigint not null auto_increment, create_date datetime(6), modify_date datetime(6), email varchar(255) not null, name varchar(255) not null, picture varchar(255), role varchar(255) not null, primary key (id)) engine=InnoDB
2021-01-19 18:58:24.560  INFO 17580 --- [    Test worker] o.h.e.t.j.p.i.JtaPlatformInitiator       : HHH000490: Using JtaPlatform implementation: [org.hibernate.engine.transaction.jta.platform.internal.NoJtaPlatform]
2021-01-19 18:58:24.567  INFO 17580 --- [    Test worker] j.LocalContainerEntityManagerFactoryBean : Initialized JPA EntityManagerFactory for persistence unit 'default'
2021-01-19 18:58:25.238  WARN 17580 --- [    Test worker] JpaBaseConfiguration$JpaWebConfiguration : spring.jpa.open-in-view is enabled by default. Therefore, database queries may be performed during view rendering. Explicitly configure spring.jpa.open-in-view to disable this warning
2021-01-19 18:58:25.687  INFO 17580 --- [    Test worker] o.s.s.web.DefaultSecurityFilterChain     : Will secure any request with [org.springframework.security.web.context.request.async.WebAsyncManagerIntegrationFilter@528ed0d0, org.springframework.security.web.context.SecurityContextPersistenceFilter@25c942d, org.springframework.security.web.header.HeaderWriterFilter@5baa6fb5, org.springframework.security.web.authentication.logout.LogoutFilter@5639cb0b, org.springframework.security.oauth2.client.web.OAuth2AuthorizationRequestRedirectFilter@5c25697e, org.springframework.security.oauth2.client.web.OAuth2LoginAuthenticationFilter@380e58a, org.springframework.security.web.authentication.ui.DefaultLoginPageGeneratingFilter@100c78e2, org.springframework.security.web.authentication.ui.DefaultLogoutPageGeneratingFilter@b3f7929, org.springframework.security.web.savedrequest.RequestCacheAwareFilter@7fb5dde, org.springframework.security.web.servletapi.SecurityContextHolderAwareRequestFilter@64629452, org.springframework.security.web.authentication.AnonymousAuthenticationFilter@ac109de, org.springframework.security.web.session.SessionManagementFilter@305fefab, org.springframework.security.web.access.ExceptionTranslationFilter@556cbbae, org.springframework.security.web.access.intercept.FilterSecurityInterceptor@22fc3119]
2021-01-19 18:58:25.921  INFO 17580 --- [    Test worker] o.s.s.concurrent.ThreadPoolTaskExecutor  : Initializing ExecutorService 'applicationTaskExecutor'
2021-01-19 18:58:26.029  INFO 17580 --- [    Test worker] o.s.b.a.w.s.WelcomePageHandlerMapping    : Adding welcome page template: index
2021-01-19 18:58:26.315  INFO 17580 --- [    Test worker] o.s.b.w.embedded.tomcat.TomcatWebServer  : Tomcat started on port(s): 59808 (http) with context path ''
2021-01-19 18:58:26.333  INFO 17580 --- [    Test worker] s.a.ScheduledAnnotationBeanPostProcessor : No TaskScheduler/ScheduledExecutorService bean found for scheduled processing
2021-01-19 18:58:26.343  INFO 17580 --- [    Test worker] c.b.b.s.web.IndexControllerTest          : Started IndexControllerTest in 4.724 seconds (JVM running for 5.664)
2021-01-19 18:58:26.514  INFO 17580 --- [o-auto-1-exec-1] o.a.c.c.C.[Tomcat].[localhost].[/]       : Initializing Spring DispatcherServlet 'dispatcherServlet'
2021-01-19 18:58:26.515  INFO 17580 --- [o-auto-1-exec-1] o.s.web.servlet.DispatcherServlet        : Initializing Servlet 'dispatcherServlet'
2021-01-19 18:58:26.516  INFO 17580 --- [o-auto-1-exec-1] o.s.web.servlet.DispatcherServlet        : Completed initialization in 1 ms
Hibernate: select posts0_.id as id1_0_, posts0_.create_date as create_d2_0_, posts0_.modify_date as modify_d3_0_, posts0_.author as author4_0_, posts0_.content as content5_0_, posts0_.title as title6_0_ from posts posts0_ order by posts0_.id desc
]]></system-out>
  <system-err><![CDATA[]]></system-err>
</testsuite>
