<?xml version="1.0" encoding="UTF-8"?>
<testsuite name="com.brick.book.springboot.dto.HelloResponseDtoTest" tests="1" skipped="0" failures="0" errors="0" timestamp="2020-09-24T14:20:33" hostname="DESKTOP-7JNMJNA" time="0.058">
  <properties/>
  <testcase name="롬복_기능_테스트" classname="com.brick.book.springboot.dto.HelloResponseDtoTest" time="0.058"/>
  <system-out><![CDATA[]]></system-out>
  <system-err><![CDATA[]]></system-err>
</testsuite>
