<?xml version="1.0" encoding="UTF-8"?>
<testsuite name="com.brick.book.springboot.web.IndexControllerTest" tests="1" skipped="0" failures="0" errors="0" timestamp="2021-01-19T00:38:31" hostname="Jinhoui-MacBookPro.local" time="0.139">
  <properties/>
  <testcase name="메인페이지_로딩" classname="com.brick.book.springboot.web.IndexControllerTest" time="0.139"/>
  <system-out><![CDATA[2021-01-19 09:38:30.147  INFO 2717 --- [    Test worker] .b.t.c.SpringBootTestContextBootstrapper : Neither @ContextConfiguration nor @ContextHierarchy found for test class [com.brick.book.springboot.web.IndexControllerTest], using SpringBootContextLoader
2021-01-19 09:38:30.148  INFO 2717 --- [    Test worker] o.s.t.c.support.AbstractContextLoader    : Could not detect default resource locations for test class [com.brick.book.springboot.web.IndexControllerTest]: no resource found for suffixes {-context.xml, Context.groovy}.
2021-01-19 09:38:30.148  INFO 2717 --- [    Test worker] t.c.s.AnnotationConfigContextLoaderUtils : Could not detect default configuration classes for test class [com.brick.book.springboot.web.IndexControllerTest]: IndexControllerTest does not declare any static, non-private, non-final, nested classes annotated with @Configuration.
2021-01-19 09:38:30.149  INFO 2717 --- [    Test worker] .b.t.c.SpringBootTestContextBootstrapper : Found @SpringBootConfiguration com.brick.book.springboot.Application for test class com.brick.book.springboot.web.IndexControllerTest
2021-01-19 09:38:30.150  INFO 2717 --- [    Test worker] .b.t.c.SpringBootTestContextBootstrapper : Loaded default TestExecutionListener class names from location [META-INF/spring.factories]: [org.springframework.security.test.context.support.WithSecurityContextTestExecutionListener, org.springframework.security.test.context.support.ReactorContextTestExecutionListener, org.springframework.boot.test.autoconfigure.restdocs.RestDocsTestExecutionListener, org.springframework.boot.test.autoconfigure.web.client.MockRestServiceServerResetTestExecutionListener, org.springframework.boot.test.autoconfigure.web.servlet.MockMvcPrintOnlyOnFailureTestExecutionListener, org.springframework.boot.test.autoconfigure.web.servlet.WebDriverTestExecutionListener, org.springframework.boot.test.mock.mockito.MockitoTestExecutionListener, org.springframework.boot.test.mock.mockito.ResetMocksTestExecutionListener, org.springframework.test.context.web.ServletTestExecutionListener, org.springframework.test.context.support.DirtiesContextBeforeModesTestExecutionListener, org.springframework.test.context.support.DependencyInjectionTestExecutionListener, org.springframework.test.context.support.DirtiesContextTestExecutionListener, org.springframework.test.context.transaction.TransactionalTestExecutionListener, org.springframework.test.context.jdbc.SqlScriptsTestExecutionListener]
2021-01-19 09:38:30.150  INFO 2717 --- [    Test worker] .b.t.c.SpringBootTestContextBootstrapper : Using TestExecutionListeners: [org.springframework.test.context.web.ServletTestExecutionListener@5e4e7667, org.springframework.test.context.support.DirtiesContextBeforeModesTestExecutionListener@630981a9, org.springframework.boot.test.mock.mockito.MockitoTestExecutionListener@3b2d6322, org.springframework.boot.test.autoconfigure.SpringBootDependencyInjectionTestExecutionListener@19c441d, org.springframework.test.context.support.DirtiesContextTestExecutionListener@2cccf707, org.springframework.test.context.transaction.TransactionalTestExecutionListener@3672ffe, org.springframework.test.context.jdbc.SqlScriptsTestExecutionListener@538368c3, org.springframework.security.test.context.support.WithSecurityContextTestExecutionListener@30dc6202, org.springframework.security.test.context.support.ReactorContextTestExecutionListener@7b63dfd1, org.springframework.boot.test.autoconfigure.restdocs.RestDocsTestExecutionListener@4141079c, org.springframework.boot.test.autoconfigure.web.client.MockRestServiceServerResetTestExecutionListener@94caa07, org.springframework.boot.test.autoconfigure.web.servlet.MockMvcPrintOnlyOnFailureTestExecutionListener@5a53155e, org.springframework.boot.test.autoconfigure.web.servlet.WebDriverTestExecutionListener@3f2bc492, org.springframework.boot.test.mock.mockito.ResetMocksTestExecutionListener@769f590c]

  .   ____          _            __ _ _
 /\\ / ___'_ __ _ _(_)_ __  __ _ \ \ \ \
( ( )\___ | '_ | '_| | '_ \/ _` | \ \ \ \
 \\/  ___)| |_)| | | | | || (_| |  ) ) ) )
  '  |____| .__|_| |_|_| |_\__, | / / / /
 =========|_|==============|___/=/_/_/_/
 :: Spring Boot ::        (v2.1.7.RELEASE)

2021-01-19 09:38:30.174  INFO 2717 --- [    Test worker] c.b.b.s.web.IndexControllerTest          : Starting IndexControllerTest on Jinhoui-MacBookPro.local with PID 2717 (started by jinhohan in /Users/jinhohan/IdeaProjects/springboot2-webservice)
2021-01-19 09:38:30.174  INFO 2717 --- [    Test worker] c.b.b.s.web.IndexControllerTest          : The following profiles are active: oauth
2021-01-19 09:38:30.300  INFO 2717 --- [    Test worker] .s.d.r.c.RepositoryConfigurationDelegate : Bootstrapping Spring Data repositories in DEFAULT mode.
2021-01-19 09:38:30.309  INFO 2717 --- [    Test worker] .s.d.r.c.RepositoryConfigurationDelegate : Finished Spring Data repository scanning in 9ms. Found 2 repository interfaces.
2021-01-19 09:38:30.378  INFO 2717 --- [    Test worker] trationDelegate$BeanPostProcessorChecker : Bean 'org.springframework.transaction.annotation.ProxyTransactionManagementConfiguration' of type [org.springframework.transaction.annotation.ProxyTransactionManagementConfiguration$$EnhancerBySpringCGLIB$$f6edbcd8] is not eligible for getting processed by all BeanPostProcessors (for example: not eligible for auto-proxying)
2021-01-19 09:38:30.572  INFO 2717 --- [    Test worker] o.s.b.w.embedded.tomcat.TomcatWebServer  : Tomcat initialized with port(s): 0 (http)
2021-01-19 09:38:30.601  INFO 2717 --- [    Test worker] o.apache.catalina.core.StandardService   : Starting service [Tomcat]
2021-01-19 09:38:30.602  INFO 2717 --- [    Test worker] org.apache.catalina.core.StandardEngine  : Starting Servlet engine: [Apache Tomcat/9.0.22]
2021-01-19 09:38:30.753  INFO 2717 --- [    Test worker] o.a.c.c.C.[Tomcat].[localhost].[/]       : Initializing Spring embedded WebApplicationContext
2021-01-19 09:38:30.753  INFO 2717 --- [    Test worker] o.s.web.context.ContextLoader            : Root WebApplicationContext: initialization completed in 577 ms
2021-01-19 09:38:30.916  INFO 2717 --- [    Test worker] com.zaxxer.hikari.HikariDataSource       : HikariPool-2 - Starting...
2021-01-19 09:38:30.918  INFO 2717 --- [    Test worker] com.zaxxer.hikari.HikariDataSource       : HikariPool-2 - Start completed.
2021-01-19 09:38:30.943  INFO 2717 --- [    Test worker] o.hibernate.jpa.internal.util.LogHelper  : HHH000204: Processing PersistenceUnitInfo [
	name: default
	...]
2021-01-19 09:38:30.950  INFO 2717 --- [    Test worker] org.hibernate.dialect.Dialect            : HHH000400: Using dialect: org.hibernate.dialect.MySQL5InnoDBDialect
Hibernate: drop table if exists posts
Hibernate: drop table if exists user
Hibernate: create table posts (id bigint not null auto_increment, create_date datetime, modify_date datetime, author varchar(255), content TEXT not null, title varchar(500) not null, primary key (id)) engine=InnoDB
Hibernate: create table user (id bigint not null auto_increment, create_date datetime, modify_date datetime, email varchar(255) not null, name varchar(255) not null, picture varchar(255), role varchar(255) not null, primary key (id)) engine=InnoDB
2021-01-19 09:38:30.998  INFO 2717 --- [    Test worker] o.h.t.schema.internal.SchemaCreatorImpl  : HHH000476: Executing import script 'org.hibernate.tool.schema.internal.exec.ScriptSourceInputNonExistentImpl@7d282b6f'
2021-01-19 09:38:30.998  INFO 2717 --- [    Test worker] j.LocalContainerEntityManagerFactoryBean : Initialized JPA EntityManagerFactory for persistence unit 'default'
2021-01-19 09:38:31.238  INFO 2717 --- [    Test worker] o.h.h.i.QueryTranslatorFactoryInitiator  : HHH000397: Using ASTQueryTranslatorFactory
2021-01-19 09:38:31.340  INFO 2717 --- [    Test worker] o.s.s.web.DefaultSecurityFilterChain     : Creating filter chain: any request, [org.springframework.security.web.context.request.async.WebAsyncManagerIntegrationFilter@546c3451, org.springframework.security.web.context.SecurityContextPersistenceFilter@1a2bf6b5, org.springframework.security.web.header.HeaderWriterFilter@e9c5b81, org.springframework.security.web.authentication.logout.LogoutFilter@2f1aaa52, org.springframework.security.oauth2.client.web.OAuth2AuthorizationRequestRedirectFilter@186d9fa6, org.springframework.security.oauth2.client.web.OAuth2LoginAuthenticationFilter@7a123e9e, org.springframework.security.web.authentication.ui.DefaultLoginPageGeneratingFilter@6ac177e1, org.springframework.security.web.authentication.ui.DefaultLogoutPageGeneratingFilter@4aba0b1, org.springframework.security.web.savedrequest.RequestCacheAwareFilter@13b582e, org.springframework.security.web.servletapi.SecurityContextHolderAwareRequestFilter@6d974bdb, org.springframework.security.web.authentication.AnonymousAuthenticationFilter@704f8f2d, org.springframework.security.web.session.SessionManagementFilter@32d6b0f8, org.springframework.security.web.access.ExceptionTranslationFilter@58386678, org.springframework.security.web.access.intercept.FilterSecurityInterceptor@1558a9e4]
2021-01-19 09:38:31.462  INFO 2717 --- [    Test worker] o.s.s.concurrent.ThreadPoolTaskExecutor  : Initializing ExecutorService 'applicationTaskExecutor'
2021-01-19 09:38:31.471  WARN 2717 --- [    Test worker] aWebConfiguration$JpaWebMvcConfiguration : spring.jpa.open-in-view is enabled by default. Therefore, database queries may be performed during view rendering. Explicitly configure spring.jpa.open-in-view to disable this warning
2021-01-19 09:38:31.493  INFO 2717 --- [    Test worker] o.s.b.a.w.s.WelcomePageHandlerMapping    : Adding welcome page template: index
2021-01-19 09:38:31.679  INFO 2717 --- [    Test worker] s.a.ScheduledAnnotationBeanPostProcessor : No TaskScheduler/ScheduledExecutorService bean found for scheduled processing
2021-01-19 09:38:31.693  INFO 2717 --- [    Test worker] o.s.b.w.embedded.tomcat.TomcatWebServer  : Tomcat started on port(s): 50033 (http) with context path ''
2021-01-19 09:38:31.694  INFO 2717 --- [    Test worker] c.b.b.s.web.IndexControllerTest          : Started IndexControllerTest in 1.543 seconds (JVM running for 7.8)
2021-01-19 09:38:31.770  INFO 2717 --- [o-auto-1-exec-1] o.a.c.c.C.[Tomcat].[localhost].[/]       : Initializing Spring DispatcherServlet 'dispatcherServlet'
2021-01-19 09:38:31.771  INFO 2717 --- [o-auto-1-exec-1] o.s.web.servlet.DispatcherServlet        : Initializing Servlet 'dispatcherServlet'
2021-01-19 09:38:31.783  INFO 2717 --- [o-auto-1-exec-1] o.s.web.servlet.DispatcherServlet        : Completed initialization in 12 ms
Hibernate: select posts0_.id as id1_0_, posts0_.create_date as create_d2_0_, posts0_.modify_date as modify_d3_0_, posts0_.author as author4_0_, posts0_.content as content5_0_, posts0_.title as title6_0_ from posts posts0_ order by posts0_.id desc
]]></system-out>
  <system-err><![CDATA[]]></system-err>
</testsuite>
